<?xml version="1.0" encoding="UTF-8"?>
<Site BuildName="(empty)"
	BuildStamp="20240718-1239-Experimental"
	Name="(empty)"
	Generator="ctest-3.22.1"
	CompilerName=""
	CompilerVersion=""
	OSName="Linux"
	Hostname="computer2"
	OSRelease="5.15.0-105-generic"
	OSVersion="#115-Ubuntu SMP Mon Apr 15 09:52:04 UTC 2024"
	OSPlatform="x86_64"
	Is64Bits="1"
	VendorString="GenuineIntel"
	VendorID="Intel Corporation"
	FamilyID="6"
	ModelID="58"
	ProcessorCacheSize="3072"
	NumberOfLogicalCPU="4"
	NumberOfPhysicalCPU="2"
	TotalVirtualMemory="7867"
	TotalPhysicalMemory="11638"
	LogicalProcessorsPerPhysical="2"
	ProcessorClockFrequency="2594.08"
	>
	<Testing>
		<StartDateTime>Jul 18 15:44 EEST</StartDateTime>
		<StartTestTime>1721306654</StartTestTime>
		<TestList/>
		<EndDateTime>Jul 18 15:44 EEST</EndDateTime>
		<EndTestTime>1721306654</EndTestTime>
		<ElapsedMinutes>0</ElapsedMinutes>
	</Testing>
</Site>
